-- The C compiler identification is GNU 11.4.0
-- The CXX compiler identification is GNU 11.4.0
-- Detecting C compiler ABI info
-- Detecting C compiler ABI info - done
-- Check for working C compiler: /usr/bin/cc - skipped
-- Detecting C compile features
-- Detecting C compile features - done
-- Detecting CXX compiler ABI info
-- Detecting CXX compiler ABI info - done
-- Check for working CXX compiler: /usr/bin/c++ - skipped
-- Detecting CXX compile features
-- Detecting CXX compile features - done
-- Building version 1.2.28~dev_5c2e86d
-- Looking for inttypes.h
-- Looking for inttypes.h - found
[31mCMake Error at /usr/lib/x86_64-linux-gnu/cmake/Qt5/Qt5Config.cmake:28 (find_package):
  Could not find a package configuration file provided by "Qt5SerialPort"
  with any of the following names:

    Qt5SerialPortConfig.cmake
    qt5serialport-config.cmake

  Add the installation prefix of "Qt5SerialPort" to CMAKE_PREFIX_PATH or set
  "Qt5SerialPort_DIR" to a directory containing one of the above files.  If
  "Qt5SerialPort" provides a separate development package or SDK, be sure it
  has been installed.
Call Stack (most recent call first):
  witmotion-uart-qt/CMakeLists.txt:30 (find_package)

[0m
-- Configuring incomplete, errors occurred!
See also "/home/nuc11/imu_ws/build/witmotion_ros/CMakeFiles/CMakeOutput.log".
