-- The C compiler identification is GNU 11.4.0
-- The CXX compiler identification is GNU 11.4.0
-- Detecting C compiler ABI info
-- Detecting C compiler ABI info - done
-- Check for working C compiler: /usr/bin/cc - skipped
-- Detecting C compile features
-- Detecting C compile features - done
-- Detecting CXX compiler ABI info
-- Detecting CXX compiler ABI info - done
-- Check for working CXX compiler: /usr/bin/c++ - skipped
-- Detecting CXX compile features
-- Detecting CXX compile features - done
-- Building version 1.3.1~dev_f86b70f
-- Looking for inttypes.h
-- Looking for inttypes.h - found
-- Could NOT find Doxygen (missing: DOXYGEN_EXECUTABLE) 
-- Unable to found Doxygen. The documentation for witmotion-uart-qt will not be built
-- Configuring done
-- Generating done
-- Build files have been written to: /home/nuc11/imu_ws/build/witmotion-uart-qt
[  1%] [34m[1mAutomatic MOC for target wt31n-calibration[0m
[  3%] [34m[1mAutomatic MOC for target wt31n-standalone-decoder[0m
[  5%] [34m[1mAutomatic MOC for target witmotion-uart[0m
[  5%] Built target witmotion-uart_autogen
[  5%] Built target wt31n-calibration_autogen
[  8%] [34m[1mGenerating include/witmotion/moc_types.cpp[0m
[  8%] [34m[1mGenerating include/witmotion/moc_serial.cpp[0m
[ 10%] [32mBuilding CXX object CMakeFiles/wt31n-calibration.dir/wt31n-calibration_autogen/mocs_compilation.cpp.o[0m
[ 12%] [32mBuilding CXX object CMakeFiles/wt31n-calibration.dir/examples/wt31n/calibration-standalone.cpp.o[0m
[ 17%] [32mBuilding CXX object CMakeFiles/witmotion-uart.dir/include/witmotion/moc_types.cpp.o[0m
[ 17%] [32mBuilding CXX object CMakeFiles/witmotion-uart.dir/witmotion-uart_autogen/mocs_compilation.cpp.o[0m
[ 17%] [32mBuilding CXX object CMakeFiles/witmotion-uart.dir/include/witmotion/moc_serial.cpp.o[0m
[ 19%] [32mBuilding CXX object CMakeFiles/witmotion-uart.dir/src/serial.cpp.o[0m
[ 21%] [32mBuilding CXX object CMakeFiles/witmotion-uart.dir/src/util.cpp.o[0m
[ 21%] Built target wt31n-standalone-decoder_autogen
[ 24%] [32mBuilding CXX object CMakeFiles/wt31n-standalone-decoder.dir/examples/wt31n/witmotion-wt31n-uart-test.cpp.o[0m
[ 24%] [32mBuilding CXX object CMakeFiles/wt31n-standalone-decoder.dir/wt31n-standalone-decoder_autogen/mocs_compilation.cpp.o[0m
[ 26%] [32m[1mLinking CXX executable wt31n-calibration[0m
[ 26%] Built target wt31n-calibration
[ 28%] [32m[1mLinking CXX shared library libwitmotion-uart.so[0m
[ 29%] [32m[1mLinking CXX executable wt31n-standalone-decoder[0m
[ 29%] Built target witmotion-uart
[ 31%] [34m[1mAutomatic MOC for target witmotion-wt31n[0m
[ 33%] [34m[1mAutomatic MOC for target message-enumerator[0m
[ 35%] [34m[1mAutomatic MOC for target witmotion-wt901[0m
[ 35%] Built target witmotion-wt901_autogen
[ 35%] Built target message-enumerator_autogen
[ 35%] Built target witmotion-wt31n_autogen
[ 36%] [34m[1mGenerating include/witmotion/moc_wt901-uart.cpp[0m
[ 38%] [34m[1mGenerating include/witmotion/moc_message-enumerator.cpp[0m
[ 40%] [34m[1mGenerating include/witmotion/moc_wt31n-uart.cpp[0m
[ 45%] [32mBuilding CXX object CMakeFiles/witmotion-wt31n.dir/witmotion-wt31n_autogen/mocs_compilation.cpp.o[0m
[ 45%] [32mBuilding CXX object CMakeFiles/witmotion-wt901.dir/witmotion-wt901_autogen/mocs_compilation.cpp.o[0m
[ 45%] [32mBuilding CXX object CMakeFiles/witmotion-wt31n.dir/include/witmotion/moc_wt31n-uart.cpp.o[0m
[ 47%] [32mBuilding CXX object CMakeFiles/witmotion-wt31n.dir/src/wt31n-uart.cpp.o[0m
[ 49%] [32mBuilding CXX object CMakeFiles/message-enumerator.dir/include/witmotion/moc_message-enumerator.cpp.o[0m
[ 50%] [32mBuilding CXX object CMakeFiles/message-enumerator.dir/src/message-enumerator.cpp.o[0m
[ 52%] [32mBuilding CXX object CMakeFiles/message-enumerator.dir/message-enumerator_autogen/mocs_compilation.cpp.o[0m
[ 54%] [32mBuilding CXX object CMakeFiles/witmotion-wt901.dir/include/witmotion/moc_wt901-uart.cpp.o[0m
[ 56%] [32mBuilding CXX object CMakeFiles/witmotion-wt901.dir/src/wt901-uart.cpp.o[0m
[ 56%] Built target wt31n-standalone-decoder
[ 57%] [32m[1mLinking CXX executable message-enumerator[0m
[ 57%] Built target message-enumerator
[ 59%] [32m[1mLinking CXX shared library libwitmotion-wt31n.so[0m
[ 61%] [32m[1mLinking CXX shared library libwitmotion-wt901.so[0m
[ 61%] Built target witmotion-wt31n
[ 63%] [34m[1mAutomatic MOC for target witmotionctl-wt31n[0m
[ 63%] Built target witmotionctl-wt31n_autogen
[ 63%] Built target witmotion-wt901
[ 66%] [32mBuilding CXX object CMakeFiles/witmotionctl-wt31n.dir/include/witmotion/moc_wt31n-uart.cpp.o[0m
[ 66%] [32mBuilding CXX object CMakeFiles/witmotionctl-wt31n.dir/src/wt31n-control.cpp.o[0m
[ 68%] [32mBuilding CXX object CMakeFiles/witmotionctl-wt31n.dir/witmotionctl-wt31n_autogen/mocs_compilation.cpp.o[0m
[ 70%] [34m[1mAutomatic MOC for target witmotionctl-wt901[0m
[ 71%] [34m[1mAutomatic MOC for target witmotion-jy901[0m
[ 71%] Built target witmotionctl-wt901_autogen
[ 71%] Built target witmotion-jy901_autogen
[ 73%] [32mBuilding CXX object CMakeFiles/witmotionctl-wt901.dir/include/witmotion/moc_wt901-uart.cpp.o[0m
[ 77%] [32mBuilding CXX object CMakeFiles/witmotionctl-wt901.dir/src/wt901-control.cpp.o[0m
[ 77%] [32mBuilding CXX object CMakeFiles/witmotionctl-wt901.dir/witmotionctl-wt901_autogen/mocs_compilation.cpp.o[0m
[ 78%] [32mBuilding CXX object CMakeFiles/witmotion-jy901.dir/src/jy901-uart.cpp.o[0m
[ 80%] [32mBuilding CXX object CMakeFiles/witmotion-jy901.dir/witmotion-jy901_autogen/mocs_compilation.cpp.o[0m
[ 82%] [32m[1mLinking CXX executable witmotionctl-wt901[0m
[ 84%] [32m[1mLinking CXX shared library libwitmotion-jy901.so[0m
[ 84%] Built target witmotion-jy901
[ 85%] [34m[1mAutomatic MOC for target witmotionctl-jy901[0m
[ 87%] [32m[1mLinking CXX executable witmotionctl-wt31n[0m
[ 89%] Built target witmotionctl-wt901
[ 89%] Built target witmotionctl-jy901_autogen
[ 91%] [34m[1mGenerating include/witmotion/moc_jy901-uart.cpp[0m
[ 96%] [32mBuilding CXX object CMakeFiles/witmotionctl-jy901.dir/include/witmotion/moc_jy901-uart.cpp.o[0m
[ 96%] [32mBuilding CXX object CMakeFiles/witmotionctl-jy901.dir/src/jy901-control.cpp.o[0m
[ 96%] [32mBuilding CXX object CMakeFiles/witmotionctl-jy901.dir/witmotionctl-jy901_autogen/mocs_compilation.cpp.o[0m
[ 98%] Built target witmotionctl-wt31n
[100%] [32m[1mLinking CXX executable witmotionctl-jy901[0m
[100%] Built target witmotionctl-jy901
