[0.007s] Invoking command in '/home/nuc11/imu_ws/build/witmotion-uart-qt': /usr/bin/cmake /home/nuc11/imu_ws/witmotion-uart-qt -DCMAKE_INSTALL_PREFIX=/home/nuc11/imu_ws/install/witmotion-uart-qt
[0.063s] -- The C compiler identification is GNU 11.4.0
[0.097s] -- The CXX compiler identification is GNU 11.4.0
[0.102s] -- Detecting C compiler ABI info
[0.152s] -- Detecting C compiler ABI info - done
[0.158s] -- Check for working C compiler: /usr/bin/cc - skipped
[0.159s] -- Detecting C compile features
[0.159s] -- Detecting C compile features - done
[0.162s] -- Detecting CXX compiler ABI info
[0.218s] -- Detecting CXX compiler ABI info - done
[0.224s] -- Check for working CXX compiler: /usr/bin/c++ - skipped
[0.224s] -- Detecting CXX compile features
[0.225s] -- Detecting CXX compile features - done
[0.228s] -- Building version 1.3.1~dev_f86b70f
[0.229s] -- Looking for inttypes.h
[0.275s] -- Looking for inttypes.h - found
[0.284s] -- Could NOT find Doxygen (missing: DOXYGEN_EXECUTABLE) 
[0.284s] -- Unable to found Doxygen. The documentation for witmotion-uart-qt will not be built
[0.284s] -- Configuring done
[0.305s] -- Generating done
[0.308s] -- Build files have been written to: /home/nuc11/imu_ws/build/witmotion-uart-qt
[0.311s] Invoked command in '/home/nuc11/imu_ws/build/witmotion-uart-qt' returned '0': /usr/bin/cmake /home/nuc11/imu_ws/witmotion-uart-qt -DCMAKE_INSTALL_PREFIX=/home/nuc11/imu_ws/install/witmotion-uart-qt
[0.311s] Invoking command in '/home/nuc11/imu_ws/build/witmotion-uart-qt': /usr/bin/cmake --build /home/nuc11/imu_ws/build/witmotion-uart-qt -- -j16 -l16
[0.342s] [  1%] [34m[1mAutomatic MOC for target wt31n-calibration[0m
[0.342s] [  3%] [34m[1mAutomatic MOC for target wt31n-standalone-decoder[0m
[0.343s] [  5%] [34m[1mAutomatic MOC for target witmotion-uart[0m
[0.362s] [  5%] Built target witmotion-uart_autogen
[0.362s] [  5%] Built target wt31n-calibration_autogen
[0.367s] [  8%] [34m[1mGenerating include/witmotion/moc_types.cpp[0m
[0.367s] [  8%] [34m[1mGenerating include/witmotion/moc_serial.cpp[0m
[0.373s] [ 10%] [32mBuilding CXX object CMakeFiles/wt31n-calibration.dir/wt31n-calibration_autogen/mocs_compilation.cpp.o[0m
[0.375s] [ 12%] [32mBuilding CXX object CMakeFiles/wt31n-calibration.dir/examples/wt31n/calibration-standalone.cpp.o[0m
[0.382s] [ 17%] [32mBuilding CXX object CMakeFiles/witmotion-uart.dir/include/witmotion/moc_types.cpp.o[0m
[0.383s] [ 17%] [32mBuilding CXX object CMakeFiles/witmotion-uart.dir/witmotion-uart_autogen/mocs_compilation.cpp.o[0m
[0.383s] [ 17%] [32mBuilding CXX object CMakeFiles/witmotion-uart.dir/include/witmotion/moc_serial.cpp.o[0m
[0.384s] [ 19%] [32mBuilding CXX object CMakeFiles/witmotion-uart.dir/src/serial.cpp.o[0m
[0.384s] [ 21%] [32mBuilding CXX object CMakeFiles/witmotion-uart.dir/src/util.cpp.o[0m
[0.551s] [ 21%] Built target wt31n-standalone-decoder_autogen
[0.569s] [ 24%] [32mBuilding CXX object CMakeFiles/wt31n-standalone-decoder.dir/examples/wt31n/witmotion-wt31n-uart-test.cpp.o[0m
[0.569s] [ 24%] [32mBuilding CXX object CMakeFiles/wt31n-standalone-decoder.dir/wt31n-standalone-decoder_autogen/mocs_compilation.cpp.o[0m
[1.250s] [ 26%] [32m[1mLinking CXX executable wt31n-calibration[0m
[1.386s] [ 26%] Built target wt31n-calibration
[1.741s] [ 28%] [32m[1mLinking CXX shared library libwitmotion-uart.so[0m
[1.803s] [ 29%] [32m[1mLinking CXX executable wt31n-standalone-decoder[0m
[1.836s] [ 29%] Built target witmotion-uart
[1.855s] [ 31%] [34m[1mAutomatic MOC for target witmotion-wt31n[0m
[1.855s] [ 33%] [34m[1mAutomatic MOC for target message-enumerator[0m
[1.855s] [ 35%] [34m[1mAutomatic MOC for target witmotion-wt901[0m
[1.882s] [ 35%] Built target witmotion-wt901_autogen
[1.884s] [ 35%] Built target message-enumerator_autogen
[1.884s] [ 35%] Built target witmotion-wt31n_autogen
[1.889s] [ 36%] [34m[1mGenerating include/witmotion/moc_wt901-uart.cpp[0m
[1.891s] [ 38%] [34m[1mGenerating include/witmotion/moc_message-enumerator.cpp[0m
[1.892s] [ 40%] [34m[1mGenerating include/witmotion/moc_wt31n-uart.cpp[0m
[1.908s] [ 45%] [32mBuilding CXX object CMakeFiles/witmotion-wt31n.dir/witmotion-wt31n_autogen/mocs_compilation.cpp.o[0m
[1.908s] [ 45%] [32mBuilding CXX object CMakeFiles/witmotion-wt901.dir/witmotion-wt901_autogen/mocs_compilation.cpp.o[0m
[1.908s] [ 45%] [32mBuilding CXX object CMakeFiles/witmotion-wt31n.dir/include/witmotion/moc_wt31n-uart.cpp.o[0m
[1.909s] [ 47%] [32mBuilding CXX object CMakeFiles/witmotion-wt31n.dir/src/wt31n-uart.cpp.o[0m
[1.910s] [ 49%] [32mBuilding CXX object CMakeFiles/message-enumerator.dir/include/witmotion/moc_message-enumerator.cpp.o[0m
[1.910s] [ 50%] [32mBuilding CXX object CMakeFiles/message-enumerator.dir/src/message-enumerator.cpp.o[0m
[1.910s] [ 52%] [32mBuilding CXX object CMakeFiles/message-enumerator.dir/message-enumerator_autogen/mocs_compilation.cpp.o[0m
[1.910s] [ 54%] [32mBuilding CXX object CMakeFiles/witmotion-wt901.dir/include/witmotion/moc_wt901-uart.cpp.o[0m
[1.911s] [ 56%] [32mBuilding CXX object CMakeFiles/witmotion-wt901.dir/src/wt901-uart.cpp.o[0m
[1.961s] [ 56%] Built target wt31n-standalone-decoder
[5.067s] [ 57%] [32m[1mLinking CXX executable message-enumerator[0m
[5.239s] [ 57%] Built target message-enumerator
[5.244s] [ 59%] [32m[1mLinking CXX shared library libwitmotion-wt31n.so[0m
[5.297s] [ 61%] [32m[1mLinking CXX shared library libwitmotion-wt901.so[0m
[5.355s] [ 61%] Built target witmotion-wt31n
[5.374s] [ 63%] [34m[1mAutomatic MOC for target witmotionctl-wt31n[0m
[5.406s] [ 63%] Built target witmotionctl-wt31n_autogen
[5.421s] [ 63%] Built target witmotion-wt901
[5.423s] [ 66%] [32mBuilding CXX object CMakeFiles/witmotionctl-wt31n.dir/include/witmotion/moc_wt31n-uart.cpp.o[0m
[5.423s] [ 66%] [32mBuilding CXX object CMakeFiles/witmotionctl-wt31n.dir/src/wt31n-control.cpp.o[0m
[5.423s] [ 68%] [32mBuilding CXX object CMakeFiles/witmotionctl-wt31n.dir/witmotionctl-wt31n_autogen/mocs_compilation.cpp.o[0m
[5.437s] [ 70%] [34m[1mAutomatic MOC for target witmotionctl-wt901[0m
[5.440s] [ 71%] [34m[1mAutomatic MOC for target witmotion-jy901[0m
[5.465s] [ 71%] Built target witmotionctl-wt901_autogen
[5.468s] [ 71%] Built target witmotion-jy901_autogen
[5.483s] [ 73%] [32mBuilding CXX object CMakeFiles/witmotionctl-wt901.dir/include/witmotion/moc_wt901-uart.cpp.o[0m
[5.485s] [ 77%] [32mBuilding CXX object CMakeFiles/witmotionctl-wt901.dir/src/wt901-control.cpp.o[0m
[5.485s] [ 77%] [32mBuilding CXX object CMakeFiles/witmotionctl-wt901.dir/witmotionctl-wt901_autogen/mocs_compilation.cpp.o[0m
[5.488s] [ 78%] [32mBuilding CXX object CMakeFiles/witmotion-jy901.dir/src/jy901-uart.cpp.o[0m
[5.489s] [ 80%] [32mBuilding CXX object CMakeFiles/witmotion-jy901.dir/witmotion-jy901_autogen/mocs_compilation.cpp.o[0m
[8.464s] [ 82%] [32m[1mLinking CXX executable witmotionctl-wt901[0m
[8.511s] [ 84%] [32m[1mLinking CXX shared library libwitmotion-jy901.so[0m
[8.722s] [ 84%] Built target witmotion-jy901
[8.753s] [ 85%] [34m[1mAutomatic MOC for target witmotionctl-jy901[0m
[8.759s] [ 87%] [32m[1mLinking CXX executable witmotionctl-wt31n[0m
[8.761s] [ 89%] Built target witmotionctl-wt901
[8.799s] [ 89%] Built target witmotionctl-jy901_autogen
[8.815s] [ 91%] [34m[1mGenerating include/witmotion/moc_jy901-uart.cpp[0m
[8.851s] [ 96%] [32mBuilding CXX object CMakeFiles/witmotionctl-jy901.dir/include/witmotion/moc_jy901-uart.cpp.o[0m
[8.851s] [ 96%] [32mBuilding CXX object CMakeFiles/witmotionctl-jy901.dir/src/jy901-control.cpp.o[0m
[8.851s] [ 96%] [32mBuilding CXX object CMakeFiles/witmotionctl-jy901.dir/witmotionctl-jy901_autogen/mocs_compilation.cpp.o[0m
[9.047s] [ 98%] Built target witmotionctl-wt31n
[10.920s] [100%] [32m[1mLinking CXX executable witmotionctl-jy901[0m
[11.169s] [100%] Built target witmotionctl-jy901
[11.185s] Invoked command in '/home/nuc11/imu_ws/build/witmotion-uart-qt' returned '0': /usr/bin/cmake --build /home/nuc11/imu_ws/build/witmotion-uart-qt -- -j16 -l16
